============================= test session starts =============================
platform win32 -- Python 3.14.3, pytest-9.1.1, pluggy-1.6.0
rootdir: C:\Users\ghost\workspace\gste\deltafuse
configfile: pyproject.toml
collected 507 items

tests\e2e\test_artifact_workflow.py ..                                   [  0%]
tests\e2e\test_failure_modes.py ....                                     [  1%]
tests\e2e\test_golden_workflow.py .                                      [  1%]
tests\e2e\test_noop_workflow.py ..                                       [  1%]
tests\e2e\test_terminal_workflows.py ..                                  [  2%]
tests\integration\test_artifact_atomic_io.py .........                   [  3%]
tests\integration\test_artifact_cli.py ....                              [  4%]
tests\integration\test_artifact_compatibility.py ...                     [  5%]
tests\integration\test_artifact_crash_recovery.py .......                [  6%]
tests\integration\test_artifact_evidence.py ...                          [  7%]
tests\integration\test_artifact_indexes.py ....                          [  8%]
tests\integration\test_artifact_locking.py ......                        [  9%]
tests\integration\test_artifact_security.py .....s.                      [ 10%]
tests\integration\test_artifact_transitions.py ....                      [ 11%]
tests\integration\test_core_transitions.py ........                      [ 13%]
tests\integration\test_distribution_and_upgrade.py .......               [ 14%]
tests\integration\test_installer.py .................                    [ 17%]
tests\integration\test_layout.py .......                                 [ 19%]
tests\integration\test_route_convergence.py .....                        [ 20%]
tests\integration\test_validator_cli.py .......                          [ 21%]
tests\integration\test_wheel_evidence.py ....                            [ 22%]
tests\integration\test_wheel_smoke.py ..                                 [ 22%]
tests\unit\test_analyze.py ........                                      [ 24%]
tests\unit\test_artifact_assets.py ..                                    [ 24%]
tests\unit\test_artifact_catalog_freeze.py ....                          [ 25%]
tests\unit\test_artifact_cli.py ............                             [ 27%]
tests\unit\test_artifact_codec.py .......                                [ 29%]
tests\unit\test_artifact_concurrency.py .....                            [ 30%]
tests\unit\test_artifact_contracts.py ......                             [ 31%]
tests\unit\test_artifact_patch.py ......                                 [ 32%]
tests\unit\test_artifact_policy.py ....s....                             [ 34%]
tests\unit\test_artifact_reader.py .................                     [ 37%]
tests\unit\test_artifact_recovery.py ...                                 [ 38%]
tests\unit\test_artifact_registry.py ........                            [ 39%]
tests\unit\test_artifact_service.py ..............                       [ 42%]
tests\unit\test_artifact_writer_eval.py ..                               [ 42%]
tests\unit\test_board.py ...........                                     [ 45%]
tests\unit\test_config.py ...                                            [ 45%]
tests\unit\test_context.py ..............                                [ 48%]
tests\unit\test_contract_v3.py ....                                      [ 49%]
tests\unit\test_decide.py ......                                         [ 50%]
tests\unit\test_evidence.py ...........                                  [ 52%]
tests\unit\test_first_write.py ........                                  [ 54%]
tests\unit\test_frontmatter.py ....                                      [ 55%]
tests\unit\test_fsm.py ............................................      [ 63%]
tests\unit\test_fsm_mutations.py ............                            [ 66%]
tests\unit\test_graph.py .....                                           [ 67%]
tests\unit\test_halt_contract.py ........                                [ 68%]
tests\unit\test_hasher.py ......                                         [ 69%]
tests\unit\test_installer_skills_dir.py .                                [ 70%]
tests\unit\test_integrity.py .........                                   [ 71%]
tests\unit\test_leash.py ..................                              [ 75%]
tests\unit\test_llm_adapter.py ...........                               [ 77%]
tests\unit\test_lock.py .........                                        [ 79%]
tests\unit\test_manifest_and_ci_leash.py ........                        [ 80%]
tests\unit\test_queue.py ................                                [ 84%]
tests\unit\test_receipts.py ........                                     [ 85%]
tests\unit\test_schemas.py .............                                 [ 88%]
tests\unit\test_skills_core_state.py ....                                [ 88%]
tests\unit\test_spec_style.py ..s..                                      [ 89%]
tests\unit\test_specify.py ......                                        [ 91%]
tests\unit\test_sync_assets.py .....                                     [ 92%]
tests\unit\test_sync_assets_hash_coverage.py .........                   [ 93%]
tests\unit\test_sync_assets_recovery.py .......                          [ 95%]
tests\unit\test_templates.py ..........                                  [ 97%]
tests\unit\test_v3_red_acceptance.py ..........                          [ 99%]
tests\unit\test_version_consistency.py ....                              [100%]

=========================== short test summary info ===========================
SKIPPED [1] tests\integration\test_artifact_security.py:198: Symlink creation unavailable on host platform: [WinError 1314] ╩ышхэЄ эх юсырфрхЄ ЄЁхсєхь√ьш яЁртрьш: 'C:\\Users\\ghost\\AppData\\Local\\Temp\\pytest-of-ghost\\pytest-1229\\test_security_real_platform_sy0\\outside_dir' -> 'C:\\Users\\ghost\\AppData\\Local\\Temp\\pytest-of-ghost\\pytest-1229\\test_security_real_platform_sy0\\repo\\linked_dir'
SKIPPED [1] tests\unit\test_artifact_policy.py:59: Symlink creation not supported on this platform/privilege
SKIPPED [1] tests\unit\test_spec_style.py:30: no local PBT runner
================= 504 passed, 3 skipped in 222.60s (0:03:42) ==================
